2018-07-06 19:35:12 - Starting Principal on DESKTOP-99OVRN3 with PID 10800 (C:\Users\joaof\git\testeUNIPE\target\classes started by joaof in C:\Users\joaof\git\testeUNIPE)
2018-07-06 19:35:12 - No active profile set, falling back to default profiles: default
2018-07-06 19:35:12 - Refreshing org.springframework.boot.web.servlet.context.AnnotationConfigServletWebServerApplicationContext@73213f90: startup date [Fri Jul 06 19:35:12 GMT-03:00 2018]; root of context hierarchy
2018-07-06 19:35:16 - Tomcat initialized with port(s): 8080 (http)
2018-07-06 19:35:17 - Servlet dispatcherServlet mapped to [/]
2018-07-06 19:35:17 - Mapping filter: 'characterEncodingFilter' to: [/*]
2018-07-06 19:35:17 - Mapping filter: 'hiddenHttpMethodFilter' to: [/*]
2018-07-06 19:35:17 - Mapping filter: 'httpPutFormContentFilter' to: [/*]
2018-07-06 19:35:17 - Mapping filter: 'requestContextFilter' to: [/*]
2018-07-06 19:35:19 - Adding welcome page: class path resource [static/index.html]
2018-07-06 19:35:19 - LiveReload server is running on port 35729
2018-07-06 19:35:20 - Tomcat started on port(s): 8080 (http) with context path ''
2018-07-06 19:35:20 - Started Principal in 9.956 seconds (JVM running for 10.984)
2018-07-06 19:35:20 - *** Couldn't find a suitable DSN, Sentry operations will do nothing! See documentation: https://docs.sentry.io/clients/java/ ***
2018-07-06 19:35:20 - No 'stacktrace.app.packages' was configured, this option is highly recommended as it affects stacktrace grouping and display on Sentry. See documentation: https://docs.sentry.io/clients/java/config/#in-application-stack-frames
2018-07-06 19:35:20 - 
----------------------------------------------------------
	aulaUNIPE está rodando! Acesse uma das URLs:
	IP do ELK: 	0
	Porta do ELK: 	0
	Ip do Banco: 	null
	Local: 		http://localhost:8080/
	Externa: 	http://10.10.155.203:8080/
----------------------------------------------------------
2018-07-06 19:41:01 - Closing org.springframework.boot.web.servlet.context.AnnotationConfigServletWebServerApplicationContext@73213f90: startup date [Fri Jul 06 19:35:12 GMT-03:00 2018]; root of context hierarchy
2018-07-06 19:41:02 - Starting Principal on DESKTOP-99OVRN3 with PID 10800 (C:\Users\joaof\git\testeUNIPE\target\classes started by joaof in C:\Users\joaof\git\testeUNIPE)
2018-07-06 19:41:02 - No active profile set, falling back to default profiles: default
2018-07-06 19:41:02 - Refreshing org.springframework.boot.web.servlet.context.AnnotationConfigServletWebServerApplicationContext@7fcf8ecc: startup date [Fri Jul 06 19:41:02 GMT-03:00 2018]; root of context hierarchy
2018-07-06 19:41:03 - Tomcat initialized with port(s): 8080 (http)
2018-07-06 19:41:04 - Servlet dispatcherServlet mapped to [/]
2018-07-06 19:41:04 - Mapping filter: 'characterEncodingFilter' to: [/*]
2018-07-06 19:41:04 - Mapping filter: 'hiddenHttpMethodFilter' to: [/*]
2018-07-06 19:41:04 - Mapping filter: 'httpPutFormContentFilter' to: [/*]
2018-07-06 19:41:04 - Mapping filter: 'requestContextFilter' to: [/*]
2018-07-06 19:41:04 - Adding welcome page: class path resource [static/index.html]
2018-07-06 19:41:04 - LiveReload server is running on port 35729
2018-07-06 19:41:04 - Tomcat started on port(s): 8080 (http) with context path ''
2018-07-06 19:41:04 - Started Principal in 2.58 seconds (JVM running for 355.42)
2018-07-06 19:41:04 - Condition evaluation unchanged
2018-07-06 19:41:04 - No 'stacktrace.app.packages' was configured, this option is highly recommended as it affects stacktrace grouping and display on Sentry. See documentation: https://docs.sentry.io/clients/java/config/#in-application-stack-frames
2018-07-06 19:41:04 - No 'stacktrace.app.packages' was configured, this option is highly recommended as it affects stacktrace grouping and display on Sentry. See documentation: https://docs.sentry.io/clients/java/config/#in-application-stack-frames
2018-07-06 19:41:04 - Overwriting statically stored SentryClient instance SentryClient{release='null', dist='null', environment='null', serverName='null', tags={}, mdcTags=[], extra={}, connection=io.sentry.connection.NoopConnection@15eb8fc5, builderHelpers=[io.sentry.event.helper.HttpEventBuilderHelper@75e76b13, io.sentry.event.helper.ContextBuilderHelper@562af600], contextManager=io.sentry.context.ThreadLocalContextManager@68aab2a, uncaughtExceptionHandler=io.sentry.SentryUncaughtExceptionHandler@4fd68999} with SentryClient{release='null', dist='null', environment='null', serverName='null', tags={}, mdcTags=[], extra={}, connection=io.sentry.connection.AsyncConnection@127cc83, builderHelpers=[io.sentry.event.helper.HttpEventBuilderHelper@3ca051, io.sentry.event.helper.ContextBuilderHelper@533c9887], contextManager=io.sentry.context.ThreadLocalContextManager@285d4938, uncaughtExceptionHandler=io.sentry.SentryUncaughtExceptionHandler@1721cb64}.
2018-07-06 19:41:04 - 
----------------------------------------------------------
	aulaUNIPE está rodando! Acesse uma das URLs:
	IP do ELK: 	0
	Porta do ELK: 	0
	Ip do Banco: 	null
	Local: 		http://localhost:8080/
	Externa: 	http://10.10.155.203:8080/
----------------------------------------------------------
2018-07-06 19:41:25 - Closing org.springframework.boot.web.servlet.context.AnnotationConfigServletWebServerApplicationContext@7fcf8ecc: startup date [Fri Jul 06 19:41:02 GMT-03:00 2018]; root of context hierarchy
2018-07-06 19:41:26 - Starting Principal on DESKTOP-99OVRN3 with PID 10800 (C:\Users\joaof\git\testeUNIPE\target\classes started by joaof in C:\Users\joaof\git\testeUNIPE)
2018-07-06 19:41:26 - No active profile set, falling back to default profiles: default
2018-07-06 19:41:26 - Refreshing org.springframework.boot.web.servlet.context.AnnotationConfigServletWebServerApplicationContext@409fea66: startup date [Fri Jul 06 19:41:26 GMT-03:00 2018]; root of context hierarchy
2018-07-06 19:41:27 - Tomcat initialized with port(s): 8080 (http)
2018-07-06 19:41:27 - Servlet dispatcherServlet mapped to [/]
2018-07-06 19:41:27 - Mapping filter: 'characterEncodingFilter' to: [/*]
2018-07-06 19:41:27 - Mapping filter: 'hiddenHttpMethodFilter' to: [/*]
2018-07-06 19:41:27 - Mapping filter: 'httpPutFormContentFilter' to: [/*]
2018-07-06 19:41:27 - Mapping filter: 'requestContextFilter' to: [/*]
2018-07-06 19:41:28 - Adding welcome page: class path resource [static/index.html]
2018-07-06 19:41:28 - LiveReload server is running on port 35729
2018-07-06 19:41:28 - Tomcat started on port(s): 8080 (http) with context path ''
2018-07-06 19:41:28 - Started Principal in 2.262 seconds (JVM running for 378.888)
2018-07-06 19:41:28 - Condition evaluation unchanged
2018-07-06 19:41:28 - No 'stacktrace.app.packages' was configured, this option is highly recommended as it affects stacktrace grouping and display on Sentry. See documentation: https://docs.sentry.io/clients/java/config/#in-application-stack-frames
2018-07-06 19:41:28 - No 'stacktrace.app.packages' was configured, this option is highly recommended as it affects stacktrace grouping and display on Sentry. See documentation: https://docs.sentry.io/clients/java/config/#in-application-stack-frames
2018-07-06 19:41:28 - Overwriting statically stored SentryClient instance SentryClient{release='null', dist='null', environment='null', serverName='null', tags={}, mdcTags=[], extra={}, connection=io.sentry.connection.AsyncConnection@127cc83, builderHelpers=[io.sentry.event.helper.HttpEventBuilderHelper@3ca051, io.sentry.event.helper.ContextBuilderHelper@533c9887], contextManager=io.sentry.context.ThreadLocalContextManager@285d4938, uncaughtExceptionHandler=io.sentry.SentryUncaughtExceptionHandler@1721cb64} with SentryClient{release='null', dist='null', environment='null', serverName='null', tags={}, mdcTags=[], extra={}, connection=io.sentry.connection.AsyncConnection@ee0489a, builderHelpers=[io.sentry.event.helper.HttpEventBuilderHelper@7df3a54f, io.sentry.event.helper.ContextBuilderHelper@42816964], contextManager=io.sentry.context.ThreadLocalContextManager@37056ec1, uncaughtExceptionHandler=io.sentry.SentryUncaughtExceptionHandler@3b2d4423}.
2018-07-06 19:41:28 - 
----------------------------------------------------------
	aulaUNIPE está rodando! Acesse uma das URLs:
	IP do ELK: 	0
	Porta do ELK: 	0
	Ip do Banco: 	null
	Local: 		http://localhost:8080/
	Externa: 	http://10.10.155.203:8080/
----------------------------------------------------------
2018-07-06 19:41:52 - Closing org.springframework.boot.web.servlet.context.AnnotationConfigServletWebServerApplicationContext@409fea66: startup date [Fri Jul 06 19:41:26 GMT-03:00 2018]; root of context hierarchy
2018-07-06 19:41:53 - Starting Principal on DESKTOP-99OVRN3 with PID 10800 (C:\Users\joaof\git\testeUNIPE\target\classes started by joaof in C:\Users\joaof\git\testeUNIPE)
2018-07-06 19:41:53 - No active profile set, falling back to default profiles: default
2018-07-06 19:41:53 - Refreshing org.springframework.boot.web.servlet.context.AnnotationConfigServletWebServerApplicationContext@168e532a: startup date [Fri Jul 06 19:41:53 GMT-03:00 2018]; root of context hierarchy
2018-07-06 19:41:54 - Tomcat initialized with port(s): 8080 (http)
2018-07-06 19:41:54 - Servlet dispatcherServlet mapped to [/]
2018-07-06 19:41:54 - Mapping filter: 'characterEncodingFilter' to: [/*]
2018-07-06 19:41:54 - Mapping filter: 'hiddenHttpMethodFilter' to: [/*]
2018-07-06 19:41:54 - Mapping filter: 'httpPutFormContentFilter' to: [/*]
2018-07-06 19:41:54 - Mapping filter: 'requestContextFilter' to: [/*]
2018-07-06 19:41:54 - Adding welcome page: class path resource [static/index.html]
2018-07-06 19:41:54 - LiveReload server is running on port 35729
2018-07-06 19:41:55 - Tomcat started on port(s): 8080 (http) with context path ''
2018-07-06 19:41:55 - Started Principal in 1.647 seconds (JVM running for 405.546)
2018-07-06 19:41:55 - Condition evaluation unchanged
2018-07-06 19:41:55 - No 'stacktrace.app.packages' was configured, this option is highly recommended as it affects stacktrace grouping and display on Sentry. See documentation: https://docs.sentry.io/clients/java/config/#in-application-stack-frames
2018-07-06 19:41:55 - No 'stacktrace.app.packages' was configured, this option is highly recommended as it affects stacktrace grouping and display on Sentry. See documentation: https://docs.sentry.io/clients/java/config/#in-application-stack-frames
2018-07-06 19:41:55 - Overwriting statically stored SentryClient instance SentryClient{release='null', dist='null', environment='null', serverName='null', tags={}, mdcTags=[], extra={}, connection=io.sentry.connection.AsyncConnection@ee0489a, builderHelpers=[io.sentry.event.helper.HttpEventBuilderHelper@7df3a54f, io.sentry.event.helper.ContextBuilderHelper@42816964], contextManager=io.sentry.context.ThreadLocalContextManager@37056ec1, uncaughtExceptionHandler=io.sentry.SentryUncaughtExceptionHandler@3b2d4423} with SentryClient{release='null', dist='null', environment='null', serverName='null', tags={}, mdcTags=[], extra={}, connection=io.sentry.connection.AsyncConnection@7fceb07e, builderHelpers=[io.sentry.event.helper.HttpEventBuilderHelper@150762bb, io.sentry.event.helper.ContextBuilderHelper@2d491d85], contextManager=io.sentry.context.ThreadLocalContextManager@134d1de3, uncaughtExceptionHandler=io.sentry.SentryUncaughtExceptionHandler@190a02b4}.
2018-07-06 19:41:55 - 
----------------------------------------------------------
	aulaUNIPE está rodando! Acesse uma das URLs:
	IP do ELK: 	0
	Porta do ELK: 	0
	Ip do Banco: 	null
	Local: 		http://localhost:8080/
	Externa: 	http://10.10.155.203:8080/
----------------------------------------------------------
2018-07-06 19:42:29 - Starting Principal on DESKTOP-99OVRN3 with PID 15416 (C:\Users\joaof\git\testeUNIPE\target\classes started by joaof in C:\Users\joaof\git\testeUNIPE)
2018-07-06 19:42:29 - No active profile set, falling back to default profiles: default
2018-07-06 19:42:30 - Refreshing org.springframework.boot.web.servlet.context.AnnotationConfigServletWebServerApplicationContext@46e5c8f8: startup date [Fri Jul 06 19:42:30 GMT-03:00 2018]; root of context hierarchy
2018-07-06 19:42:33 - Tomcat initialized with port(s): 8080 (http)
2018-07-06 19:42:34 - Servlet dispatcherServlet mapped to [/]
2018-07-06 19:42:34 - Mapping filter: 'characterEncodingFilter' to: [/*]
2018-07-06 19:42:34 - Mapping filter: 'hiddenHttpMethodFilter' to: [/*]
2018-07-06 19:42:34 - Mapping filter: 'httpPutFormContentFilter' to: [/*]
2018-07-06 19:42:34 - Mapping filter: 'requestContextFilter' to: [/*]
2018-07-06 19:42:36 - Adding welcome page: class path resource [static/index.html]
2018-07-06 19:42:36 - LiveReload server is running on port 35729
2018-07-06 19:42:37 - Tomcat started on port(s): 8080 (http) with context path ''
2018-07-06 19:42:37 - Started Principal in 8.661 seconds (JVM running for 9.614)
2018-07-06 19:42:37 - No 'stacktrace.app.packages' was configured, this option is highly recommended as it affects stacktrace grouping and display on Sentry. See documentation: https://docs.sentry.io/clients/java/config/#in-application-stack-frames
2018-07-06 19:42:37 - No 'stacktrace.app.packages' was configured, this option is highly recommended as it affects stacktrace grouping and display on Sentry. See documentation: https://docs.sentry.io/clients/java/config/#in-application-stack-frames
2018-07-06 19:42:37 - 
----------------------------------------------------------
	aulaUNIPE está rodando! Acesse uma das URLs:
	IP do ELK: 	0
	Porta do ELK: 	0
	Ip do Banco: 	null
	Local: 		http://localhost:8080/
	Externa: 	http://10.10.155.203:8080/
----------------------------------------------------------
2018-07-06 19:48:48 - Starting Principal on DESKTOP-99OVRN3 with PID 14512 (C:\Users\joaof\git\testeUNIPE\target\classes started by joaof in C:\Users\joaof\git\testeUNIPE)
2018-07-06 19:48:48 - No active profile set, falling back to default profiles: default
2018-07-06 19:48:48 - Refreshing org.springframework.boot.web.servlet.context.AnnotationConfigServletWebServerApplicationContext@57f3b898: startup date [Fri Jul 06 19:48:48 GMT-03:00 2018]; root of context hierarchy
2018-07-06 19:48:52 - Tomcat initialized with port(s): 8080 (http)
2018-07-06 19:48:53 - Servlet dispatcherServlet mapped to [/]
2018-07-06 19:48:53 - Mapping filter: 'characterEncodingFilter' to: [/*]
2018-07-06 19:48:53 - Mapping filter: 'hiddenHttpMethodFilter' to: [/*]
2018-07-06 19:48:53 - Mapping filter: 'httpPutFormContentFilter' to: [/*]
2018-07-06 19:48:53 - Mapping filter: 'requestContextFilter' to: [/*]
2018-07-06 19:48:55 - Adding welcome page: class path resource [static/index.html]
2018-07-06 19:48:56 - LiveReload server is running on port 35729
2018-07-06 19:48:57 - Tomcat started on port(s): 8080 (http) with context path ''
2018-07-06 19:48:57 - Started Principal in 10.333 seconds (JVM running for 11.37)
2018-07-06 19:48:57 - No 'stacktrace.app.packages' was configured, this option is highly recommended as it affects stacktrace grouping and display on Sentry. See documentation: https://docs.sentry.io/clients/java/config/#in-application-stack-frames
2018-07-06 19:48:57 - No 'stacktrace.app.packages' was configured, this option is highly recommended as it affects stacktrace grouping and display on Sentry. See documentation: https://docs.sentry.io/clients/java/config/#in-application-stack-frames
2018-07-06 19:48:57 - 
----------------------------------------------------------
	aulaUNIPE está rodando! Acesse uma das URLs:
	IP do ELK: 	0
	Porta do ELK: 	0
	Ip do Banco: 	null
	Local: 		http://localhost:8080/
	Externa: 	http://10.10.155.203:8080/
----------------------------------------------------------
